Compiling j:\src\trunk\video\vncdrv.sys directory ********************
'nmake.exe /c BUILDMSG=Stop. -i NTTEST= UMTEST= NOLINK=1 386=1'
    rc -l 409 -z "MS Sans Serif,Helv/MS Shell Dlg"  -r -fo objfre\i386\mirror.tmp -D_X86_=1 -Di386=1  -DSTD_CALL -DCONDITION_HANDLING=1 -DNT_UP=1  -DNT_INST=0 -DWIN32=100 -D_NT1X_=100 -DWINNT=1 -D_WIN32_WINNT=0x0500 -DWINVER=0x0500 -D_WIN32_IE=0x0501    -DWIN32_LEAN_AND_MEAN=1 -DDEVL=1 -DFPO=1    -DNDEBUG -D_DLL=1    -I..\inc -I..\..\inc -ID:\NTDDK\inc -ID:\NTDDK\inc -ID:\NTDDK\inc\ddk -ID:\NTDDK\inc\ddk\wdm -ID:\NTDDK\private\inc -ID:\NTDDK\inc .\mirror.rc
cl -nologo -Ii386\ -I. -I..\inc -I..\..\inc -ID:\NTDDK\inc -ID:\NTDDK\inc -ID:\NTDDK\inc\ddk -ID:\NTDDK\inc\ddk\wdm -ID:\NTDDK\private\inc -ID:\NTDDK\inc -D_X86_=1 -Di386=1  -DSTD_CALL -DCONDITION_HANDLING=1 -DNT_UP=1  -DNT_INST=0 -DWIN32=100 -D_NT1X_=100 -DWINNT=1 -D_WIN32_WINNT=0x0500 -DWINVER=0x0500 -D_WIN32_IE=0x0501    -DWIN32_LEAN_AND_MEAN=1 -DDEVL=1 -DFPO=1    -DNDEBUG -D_DLL=1      /c /Zel /Zp8 /Gy -cbstring /W3 /Gz  /QIfdiv- /QIf /QI0f /GB /Gi- /Gm- /GX-  /GR- /GF -Z7 /Oxs /Oy   -FID:\NTDDK\inc\warning.h  .\mirror.c
mirror.c
	lib -out:..\output\i386\vncdrv.lib @C:\DOCUME~1\YEE~1.HZI\LOCALS~1\Temp\nma02852.
Microsoft (R) Library Manager Version 6.00.8168
Copyright (C) Microsoft Corp 1992-1998. All rights reserved.

-debugtype:cv 
-IGNORE:4001,4037,4039,4044,4065,4070,4078,4087,4089,4198 
/newimplib 
-nodefaultlib 
-machine:ix86 
-def:mirror.def 
objfre\i386\mirror.res objfre\i386\mirror.obj 
   Creating library ..\output\i386\vncdrv.lib and object ..\output\i386\vncdrv.exp

Stop.
Linking j:\src\trunk\video\vncdrv.sys directory ********************
'nmake.exe /c BUILDMSG=Stop. -i LINKONLY=1 NOPASS0=1 NTTEST= UMTEST= MAKEDLL=1 386=1'
	link -out:..\output\i386\vncdrv.sys -machine:ix86 @C:\DOCUME~1\YEE~1.HZI\LOCALS~1\Temp\nma03392.
Microsoft (R) Incremental Linker Version 5.12.8181
Copyright (C) Microsoft Corp 1992-1998. All rights reserved.

-STACK:262144,4096 
-MERGE:_PAGE=PAGE 
-MERGE:_TEXT=.text 
-SECTION:INIT,d 
-OPT:REF 
-OPT:ICF 
-IGNORE:4001,4037,4039,4044,4065,4070,4078,4087,4089,4198 
-INCREMENTAL:NO 
-FULLBUILD 
-FORCE:MULTIPLE 
-NOCOMMENT 
/release 
-NODEFAULTLIB 
-debug:FULL 
-debugtype:cv 
-version:5.00 
-osversion:5.00 
-optidata 
-driver 
-align:0x20 
-subsystem:native,5.00 
-base:0x10000 
-entry:DriverEntry@8 
-out:..\output\i386\vncdrv.sys 
..\output\i386\vncdrv.exp 
objfre\i386\mirror.res 
objfre\i386\mirror.obj 
D:\NTDDK\libfre\i386\ntoskrnl.lib 
D:\NTDDK\libfre\i386\hal.lib 
D:\NTDDK\libfre\i386\wmilib.lib 
D:\NTDDK\libfre\i386\videoprt.lib 
D:\NTDDK\libfre\i386\wdm.lib 

Stop.
